<?xml version="1.0" encoding="UTF-8"?>
<!-- Generated by org.testng.reporters.JUnitReportReporter -->
<testsuite hostname="LAPTOP-K88R6NSI" failures="0" tests="2" name="TestLayer.PimPage" time="4.500" errors="0" timestamp="2023-07-09T15:28:22 IST" skipped="1">
  <testcase classname="TestLayer.PimPage" name="validatePIMpage" time="4.500"/>
  <system-out/>
  <testcase classname="TestLayer.PimPage" name="AddEmployee" time="0.000">
    <skipped/>
  </testcase> <!-- AddEmployee -->
  <system-out/>
</testsuite> <!-- TestLayer.PimPage -->
