<?xml version="1.0" encoding="UTF-8"?>
<!-- Generated by org.testng.reporters.JUnitReportReporter -->
<testsuite hostname="LAPTOP-K88R6NSI" failures="0" tests="1" name="TestLayer.LoginPage" time="3.128" errors="0" timestamp="2023-07-09T15:28:22 IST" skipped="0">
  <testcase classname="TestLayer.LoginPage" name="validateLogInFuctionality" time="3.128"/>
  <system-out/>
</testsuite> <!-- TestLayer.LoginPage -->
